<?xml version="1.0" encoding="UTF-8"?>
<!-- Generated by org.testng.reporters.JUnitXMLReporter -->
<testsuite ignored="0" hostname="LAPTOP-O15LHT5K" failures="0" tests="2" name="Test-0" time="20.401" errors="0" timestamp="2023-10-14T20:50:54 IST">
  <testcase classname="com.ash.project.LoginPageTest" name="Test1" time="6.43"/>
  <testcase classname="com.ash.project.LoginPageTest" name="Test2" time="6.378"/>
</testsuite> <!-- Test-0 -->
