<?xml version="1.0" encoding="UTF-8"?>
<!-- Generated by org.testng.reporters.JUnitXMLReporter -->
<testsuite ignored="0" hostname="LAPTOP-O15LHT5K" failures="0" tests="2" name="Test-1" time="30.728" errors="0" timestamp="2023-10-14T20:51:05 IST">
  <testcase classname="com.ash.project.LoginPageTest" name="Test1" time="6.399"/>
  <testcase classname="com.ash.project.LoginPageTest" name="Test2" time="7.833"/>
</testsuite> <!-- Test-1 -->
