<?xml version="1.0" encoding="UTF-8"?>
<!-- Generated by org.testng.reporters.JUnitReportReporter -->
<testsuite hostname="LAPTOP-O15LHT5K" failures="0" tests="2" name="com.ash.tests.LoginPageTest" time="18.886" errors="0" timestamp="2023-10-23T23:48:44 IST" skipped="0">
  <testcase classname="com.ash.tests.LoginPageTest" name="login2" time="9.626"/>
  <system-out/>
  <testcase classname="com.ash.tests.LoginPageTest" name="login" time="9.260"/>
  <system-out/>
</testsuite> <!-- com.ash.tests.LoginPageTest -->
