<?xml version="1.0" encoding="UTF-8"?>
<!-- Generated by org.testng.reporters.JUnitReportReporter -->
<testsuite hostname="LAPTOP-O15LHT5K" failures="0" tests="2" name="com.ash.tests.LoginPageTest" time="20.674" errors="0" timestamp="2023-10-15T17:08:24 IST" skipped="0">
  <testcase classname="com.ash.tests.LoginPageTest" name="login" time="9.684"/>
  <system-out/>
  <testcase classname="com.ash.tests.LoginPageTest" name="login2" time="10.990"/>
  <system-out/>
</testsuite> <!-- com.ash.tests.LoginPageTest -->
