<?xml version="1.0" encoding="UTF-8"?>
<!-- Generated by org.testng.reporters.JUnitReportReporter -->
<testsuite hostname="LAPTOP-O15LHT5K" failures="0" tests="4" name="com.ash.project.LoginPageTest" time="86.476" errors="0" timestamp="2023-10-14T20:51:05 IST" skipped="0">
  <testcase classname="com.ash.project.LoginPageTest" name="Test1" time="16.483"/>
  <system-out/>
  <testcase classname="com.ash.project.LoginPageTest" name="Test2" time="18.317"/>
  <system-out/>
  <testcase classname="com.ash.project.LoginPageTest" name="Test1" time="23.344"/>
  <system-out/>
  <testcase classname="com.ash.project.LoginPageTest" name="Test2" time="28.332"/>
  <system-out/>
</testsuite> <!-- com.ash.project.LoginPageTest -->
