<?xml version="1.0" encoding="UTF-8"?>
<!-- Generated by org.testng.reporters.JUnitReportReporter -->
<testsuite hostname="LAPTOP-O15LHT5K" failures="0" tests="2" name="com.ash.project.LoginPageTest" time="13.351" errors="0" timestamp="2023-10-13T10:14:03 IST" skipped="0">
  <testcase classname="com.ash.project.LoginPageTest" name="Test1" time="6.690"/>
  <system-out/>
  <testcase classname="com.ash.project.LoginPageTest" name="Test2" time="6.661"/>
  <system-out/>
</testsuite> <!-- com.ash.project.LoginPageTest -->
