<?xml version="1.0" encoding="UTF-8"?>
<!-- Generated by org.testng.reporters.JUnitReportReporter -->
<testsuite hostname="LAPTOP-O15LHT5K" failures="0" tests="2" name="com.ash.project.LoginPageTest" time="20.411" errors="0" timestamp="2023-10-13T23:23:13 IST" skipped="0">
  <testcase classname="com.ash.project.LoginPageTest" name="Test2" time="10.052"/>
  <system-out/>
  <testcase classname="com.ash.project.LoginPageTest" name="Test1" time="10.359"/>
  <system-out/>
</testsuite> <!-- com.ash.project.LoginPageTest -->
