<?xml version="1.0" encoding="UTF-8"?>
<!-- Generated by org.testng.reporters.JUnitReportReporter -->
<testsuite hostname="LAPTOP-O15LHT5K" failures="0" tests="4" name="com.ash.tests.LoginPageTest" time="108.005" errors="0" timestamp="2023-10-28T14:09:54 IST" skipped="0">
  <testcase classname="com.ash.tests.LoginPageTest" name="login" time="27.593"/>
  <system-out/>
  <testcase classname="com.ash.tests.LoginPageTest" name="login2" time="20.449"/>
  <system-out/>
  <testcase classname="com.ash.tests.LoginPageTest" name="login2" time="35.707"/>
  <system-out/>
  <testcase classname="com.ash.tests.LoginPageTest" name="login" time="24.256"/>
  <system-out/>
</testsuite> <!-- com.ash.tests.LoginPageTest -->
