<?xml version="1.0" encoding="UTF-8"?>
<!-- Generated by org.testng.reporters.JUnitReportReporter -->
<testsuite hostname="LAPTOP-O15LHT5K" failures="0" tests="2" name="com.ash.project.LoginPageTest" time="39.600" errors="0" timestamp="2023-10-14T21:03:01 IST" skipped="0">
  <testcase classname="com.ash.project.LoginPageTest" name="Test2" time="13.890"/>
  <testcase classname="com.ash.project.LoginPageTest" name="Test1" time="25.710"/>
</testsuite> <!-- com.ash.project.LoginPageTest -->
